<?xml version="1.0" encoding="UTF-8"?>
<!-- Generated by org.testng.reporters.JUnitReportReporter -->
<testsuite hostname="LAPTOP-SEB04FK6" failures="0" tests="1" name="rahulshettytests.TC2_Suggestionclass" time="12.111" errors="0" timestamp="2021-08-15T12:57:51 IST" skipped="0">
  <testcase classname="rahulshettytests.TC2_Suggestionclass" name="TC2_SuggestionClass" time="12.111"/>
  <system-out/>
</testsuite> <!-- rahulshettytests.TC2_Suggestionclass -->
