<?xml version="1.0" encoding="UTF-8"?>
<!-- Generated by org.testng.reporters.JUnitReportReporter -->
<testsuite hostname="LAPTOP-SEB04FK6" failures="0" tests="1" name="rahulshettytests.TC6_Switchalert" time="11.923" errors="0" timestamp="2021-08-15T12:57:51 IST" skipped="0">
  <testcase classname="rahulshettytests.TC6_Switchalert" name="TC6_SwitchAlert" time="11.923"/>
  <system-out/>
</testsuite> <!-- rahulshettytests.TC6_Switchalert -->
