<?xml version="1.0" encoding="UTF-8"?>
<!-- Generated by org.testng.reporters.JUnitReportReporter -->
<testsuite hostname="LAPTOP-SEB04FK6" failures="0" tests="1" name="rahulshettytests.TC5_Switchtab" time="20.020" errors="0" timestamp="2021-08-15T12:57:51 IST" skipped="0">
  <testcase classname="rahulshettytests.TC5_Switchtab" name="TC5_SwitchTab" time="20.020"/>
  <system-out/>
</testsuite> <!-- rahulshettytests.TC5_Switchtab -->
