<?xml version="1.0" encoding="UTF-8"?>
<!-- Generated by org.testng.reporters.JUnitReportReporter -->
<testsuite hostname="LAPTOP-SEB04FK6" failures="0" tests="1" name="rahulshettytests.TC9_Iframe" time="12.173" errors="0" timestamp="2021-08-15T12:57:51 IST" skipped="0">
  <testcase classname="rahulshettytests.TC9_Iframe" name="TC9_IFrame" time="12.173"/>
  <system-out/>
</testsuite> <!-- rahulshettytests.TC9_Iframe -->
