<?xml version="1.0" encoding="UTF-8"?>
<!-- Generated by org.testng.reporters.JUnitReportReporter -->
<testsuite hostname="LAPTOP-SEB04FK6" failures="0" tests="1" name="rahulshettytests.TC8_Engineersname" time="13.509" errors="0" timestamp="2021-08-15T12:57:51 IST" skipped="0">
  <testcase classname="rahulshettytests.TC8_Engineersname" name="TC8_EngineersName" time="13.509"/>
  <system-out/>
</testsuite> <!-- rahulshettytests.TC8_Engineersname -->
